Determining if the pthread_create exist failed with the following output:
Change Dir: /home/ceci/Escritorio/taller-leo/7542_TpFinal/build/CMakeFiles/CMakeTmp

Run Build Command:"/usr/bin/make" "cmTC_1e893/fast"
/usr/bin/make -f CMakeFiles/cmTC_1e893.dir/build.make CMakeFiles/cmTC_1e893.dir/build
make[1]: Entering directory '/home/ceci/Escritorio/taller-leo/7542_TpFinal/build/CMakeFiles/CMakeTmp'
Building C object CMakeFiles/cmTC_1e893.dir/CheckSymbolExists.c.o
/usr/bin/cc    -o CMakeFiles/cmTC_1e893.dir/CheckSymbolExists.c.o   -c /home/ceci/Escritorio/taller-leo/7542_TpFinal/build/CMakeFiles/CMakeTmp/CheckSymbolExists.c
Linking C executable cmTC_1e893
/usr/bin/cmake -E cmake_link_script CMakeFiles/cmTC_1e893.dir/link.txt --verbose=1
/usr/bin/cc      CMakeFiles/cmTC_1e893.dir/CheckSymbolExists.c.o  -o cmTC_1e893 
CMakeFiles/cmTC_1e893.dir/CheckSymbolExists.c.o: In function `main':
CheckSymbolExists.c:(.text+0x1b): undefined reference to `pthread_create'
collect2: error: ld returned 1 exit status
CMakeFiles/cmTC_1e893.dir/build.make:97: recipe for target 'cmTC_1e893' failed
make[1]: *** [cmTC_1e893] Error 1
make[1]: Leaving directory '/home/ceci/Escritorio/taller-leo/7542_TpFinal/build/CMakeFiles/CMakeTmp'
Makefile:126: recipe for target 'cmTC_1e893/fast' failed
make: *** [cmTC_1e893/fast] Error 2

File /home/ceci/Escritorio/taller-leo/7542_TpFinal/build/CMakeFiles/CMakeTmp/CheckSymbolExists.c:
/* */
#include <pthread.h>

int main(int argc, char** argv)
{
  (void)argv;
#ifndef pthread_create
  return ((int*)(&pthread_create))[argc];
#else
  (void)argc;
  return 0;
#endif
}

Determining if the function pthread_create exists in the pthreads failed with the following output:
Change Dir: /home/ceci/Escritorio/taller-leo/7542_TpFinal/build/CMakeFiles/CMakeTmp

Run Build Command:"/usr/bin/make" "cmTC_98000/fast"
/usr/bin/make -f CMakeFiles/cmTC_98000.dir/build.make CMakeFiles/cmTC_98000.dir/build
make[1]: Entering directory '/home/ceci/Escritorio/taller-leo/7542_TpFinal/build/CMakeFiles/CMakeTmp'
Building C object CMakeFiles/cmTC_98000.dir/CheckFunctionExists.c.o
/usr/bin/cc   -DCHECK_FUNCTION_EXISTS=pthread_create   -o CMakeFiles/cmTC_98000.dir/CheckFunctionExists.c.o   -c /usr/share/cmake-3.10/Modules/CheckFunctionExists.c
Linking C executable cmTC_98000
/usr/bin/cmake -E cmake_link_script CMakeFiles/cmTC_98000.dir/link.txt --verbose=1
/usr/bin/cc  -DCHECK_FUNCTION_EXISTS=pthread_create    CMakeFiles/cmTC_98000.dir/CheckFunctionExists.c.o  -o cmTC_98000 -lpthreads 
/usr/bin/ld: cannot find -lpthreads
collect2: error: ld returned 1 exit status
CMakeFiles/cmTC_98000.dir/build.make:97: recipe for target 'cmTC_98000' failed
make[1]: *** [cmTC_98000] Error 1
make[1]: Leaving directory '/home/ceci/Escritorio/taller-leo/7542_TpFinal/build/CMakeFiles/CMakeTmp'
Makefile:126: recipe for target 'cmTC_98000/fast' failed
make: *** [cmTC_98000/fast] Error 2


